<?xml version="1.0" encoding="UTF-8"?>
<!-- Generated by org.testng.reporters.JUnitReportReporter -->
<testsuite hostname="MAYTINH-E70AVM0" name="vn.myclass.test.RoleTest" tests="2" failures="0" timestamp="15 Aug 2018 15:31:11 GMT" time="1.933" errors="0">
  <testcase name="findAll" time="1.920" classname="vn.myclass.test.RoleTest"/>
  <testcase name="update" time="0.013" classname="vn.myclass.test.RoleTest"/>
</testsuite> <!-- vn.myclass.test.RoleTest -->
